# JRE version: OpenJDK Runtime Environment (8.0_152) (build 1.8.0_152-release-1343-b16-5323222)
# Java VM: OpenJDK 64-Bit Server VM (25.152-b16-5323222 mixed mode linux-amd64 compressed oops)
Heap:
 PSYoungGen      total 354816K, used 28152K [0x00000000e0000000, 0x00000000f7a00000, 0x0000000100000000)
  eden space 326656K, 0% used [0x00000000e0000000,0x00000000e0000000,0x00000000f3f00000)
  from space 28160K, 99% used [0x00000000f3f00000,0x00000000f5a7e0d0,0x00000000f5a80000)
  to   space 23552K, 0% used [0x00000000f5a80000,0x00000000f5a80000,0x00000000f7180000)
 ParOldGen       total 109568K, used 64035K [0x00000000a0000000, 0x00000000a6b00000, 0x00000000e0000000)
  object space 109568K, 58% used [0x00000000a0000000,0x00000000a3e88e78,0x00000000a6b00000)
 Metaspace       used 71343K, capacity 73819K, committed 73896K, reserved 1114112K
  class space    used 9616K, capacity 10095K, committed 10152K, reserved 1048576K
GC Heap History (10 events):
Event: 11,424 GC heap after
Heap after GC invocations=9 (full 2):
 PSYoungGen      total 201216K, used 0K [0x00000000e0000000, 0x00000000f3380000, 0x0000000100000000)
  eden space 188416K, 0% used [0x00000000e0000000,0x00000000e0000000,0x00000000eb800000)
  from space 12800K, 0% used [0x00000000eb800000,0x00000000eb800000,0x00000000ec480000)
  to   space 14848K, 0% used [0x00000000f2500000,0x00000000f2500000,0x00000000f3380000)
 ParOldGen       total 74240K, used 19870K [0x00000000a0000000, 0x00000000a4880000, 0x00000000e0000000)
  object space 74240K, 26% used [0x00000000a0000000,0x00000000a1367898,0x00000000a4880000)
 Metaspace       used 34683K, capacity 35370K, committed 35496K, reserved 1079296K
  class space    used 4787K, capacity 4992K, committed 5032K, reserved 1048576K
}
Event: 14,517 GC heap before
{Heap before GC invocations=10 (full 2):
 PSYoungGen      total 201216K, used 188416K [0x00000000e0000000, 0x00000000f3380000, 0x0000000100000000)
  eden space 188416K, 100% used [0x00000000e0000000,0x00000000eb800000,0x00000000eb800000)
  from space 12800K, 0% used [0x00000000eb800000,0x00000000eb800000,0x00000000ec480000)
  to   space 14848K, 0% used [0x00000000f2500000,0x00000000f2500000,0x00000000f3380000)
 ParOldGen       total 74240K, used 19870K [0x00000000a0000000, 0x00000000a4880000, 0x00000000e0000000)
  object space 74240K, 26% used [0x00000000a0000000,0x00000000a1367898,0x00000000a4880000)
 Metaspace       used 51165K, capacity 52308K, committed 52520K, reserved 1095680K
  class space    used 6855K, capacity 7126K, committed 7208K, reserved 1048576K
Event: 14,553 GC heap after
Heap after GC invocations=10 (full 2):
 PSYoungGen      total 281600K, used 14821K [0x00000000e0000000, 0x00000000f3380000, 0x0000000100000000)
  eden space 266752K, 0% used [0x00000000e0000000,0x00000000e0000000,0x00000000f0480000)
  from space 14848K, 99% used [0x00000000f2500000,0x00000000f33795d8,0x00000000f3380000)
  to   space 20480K, 0% used [0x00000000f0b80000,0x00000000f0b80000,0x00000000f1f80000)
 ParOldGen       total 74240K, used 27255K [0x00000000a0000000, 0x00000000a4880000, 0x00000000e0000000)
  object space 74240K, 36% used [0x00000000a0000000,0x00000000a1a9dea8,0x00000000a4880000)
 Metaspace       used 51165K, capacity 52308K, committed 52520K, reserved 1095680K
  class space    used 6855K, capacity 7126K, committed 7208K, reserved 1048576K
}
Event: 19,934 GC heap before
{Heap before GC invocations=11 (full 2):
 PSYoungGen      total 281600K, used 98136K [0x00000000e0000000, 0x00000000f3380000, 0x0000000100000000)
  eden space 266752K, 31% used [0x00000000e0000000,0x00000000e515ca30,0x00000000f0480000)
  from space 14848K, 99% used [0x00000000f2500000,0x00000000f33795d8,0x00000000f3380000)
  to   space 20480K, 0% used [0x00000000f0b80000,0x00000000f0b80000,0x00000000f1f80000)
 ParOldGen       total 74240K, used 27255K [0x00000000a0000000, 0x00000000a4880000, 0x00000000e0000000)
  object space 74240K, 36% used [0x00000000a0000000,0x00000000a1a9dea8,0x00000000a4880000)
 Metaspace       used 57682K, capacity 59138K, committed 59160K, reserved 1099776K
  class space    used 7755K, capacity 8091K, committed 8104K, reserved 1048576K
Event: 19,990 GC heap after
Heap after GC invocations=11 (full 2):
 PSYoungGen      total 294400K, used 20168K [0x00000000e0000000, 0x00000000f7180000, 0x0000000100000000)
  eden space 273920K, 0% used [0x00000000e0000000,0x00000000e0000000,0x00000000f0b80000)
  from space 20480K, 98% used [0x00000000f0b80000,0x00000000f1f32350,0x00000000f1f80000)
  to   space 23552K, 0% used [0x00000000f5a80000,0x00000000f5a80000,0x00000000f7180000)
 ParOldGen       total 74240K, used 27327K [0x00000000a0000000, 0x00000000a4880000, 0x00000000e0000000)
  object space 74240K, 36% used [0x00000000a0000000,0x00000000a1aafeb8,0x00000000a4880000)
 Metaspace       used 57682K, capacity 59138K, committed 59160K, reserved 1099776K
  class space    used 7755K, capacity 8091K, committed 8104K, reserved 1048576K
}
Event: 19,990 GC heap before
{Heap before GC invocations=12 (full 3):
 PSYoungGen      total 294400K, used 20168K [0x00000000e0000000, 0x00000000f7180000, 0x0000000100000000)
  eden space 273920K, 0% used [0x00000000e0000000,0x00000000e0000000,0x00000000f0b80000)
  from space 20480K, 98% used [0x00000000f0b80000,0x00000000f1f32350,0x00000000f1f80000)
  to   space 23552K, 0% used [0x00000000f5a80000,0x00000000f5a80000,0x00000000f7180000)
 ParOldGen       total 74240K, used 27327K [0x00000000a0000000, 0x00000000a4880000, 0x00000000e0000000)
  object space 74240K, 36% used [0x00000000a0000000,0x00000000a1aafeb8,0x00000000a4880000)
 Metaspace       used 57682K, capacity 59138K, committed 59160K, reserved 1099776K
  class space    used 7755K, capacity 8091K, committed 8104K, reserved 1048576K
Event: 20,227 GC heap after
Heap after GC invocations=12 (full 3):
 PSYoungGen      total 294400K, used 0K [0x00000000e0000000, 0x00000000f7180000, 0x0000000100000000)
  eden space 273920K, 0% used [0x00000000e0000000,0x00000000e0000000,0x00000000f0b80000)
  from space 20480K, 0% used [0x00000000f0b80000,0x00000000f0b80000,0x00000000f1f80000)
  to   space 23552K, 0% used [0x00000000f5a80000,0x00000000f5a80000,0x00000000f7180000)
 ParOldGen       total 109568K, used 34857K [0x00000000a0000000, 0x00000000a6b00000, 0x00000000e0000000)
  object space 109568K, 31% used [0x00000000a0000000,0x00000000a220a430,0x00000000a6b00000)
 Metaspace       used 57682K, capacity 59138K, committed 59160K, reserved 1099776K
  class space    used 7755K, capacity 8091K, committed 8104K, reserved 1048576K
}
Event: 25,463 GC heap before
{Heap before GC invocations=13 (full 3):
 PSYoungGen      total 294400K, used 273920K [0x00000000e0000000, 0x00000000f7180000, 0x0000000100000000)
  eden space 273920K, 100% used [0x00000000e0000000,0x00000000f0b80000,0x00000000f0b80000)
  from space 20480K, 0% used [0x00000000f0b80000,0x00000000f0b80000,0x00000000f1f80000)
  to   space 23552K, 0% used [0x00000000f5a80000,0x00000000f5a80000,0x00000000f7180000)
 ParOldGen       total 109568K, used 34857K [0x00000000a0000000, 0x00000000a6b00000, 0x00000000e0000000)
  object space 109568K, 31% used [0x00000000a0000000,0x00000000a220a430,0x00000000a6b00000)
 Metaspace       used 67551K, capacity 69703K, committed 69800K, reserved 1110016K
  class space    used 9087K, capacity 9569K, committed 9640K, reserved 1048576K
Event: 25,506 GC heap after
Heap after GC invocations=13 (full 3):
 PSYoungGen      total 350208K, used 23529K [0x00000000e0000000, 0x00000000f7a00000, 0x0000000100000000)
  eden space 326656K, 0% used [0x00000000e0000000,0x00000000e0000000,0x00000000f3f00000)
  from space 23552K, 99% used [0x00000000f5a80000,0x00000000f717a458,0x00000000f7180000)
  to   space 28160K, 0% used [0x00000000f3f00000,0x00000000f3f00000,0x00000000f5a80000)
 ParOldGen       total 109568K, used 37709K [0x00000000a0000000, 0x00000000a6b00000, 0x00000000e0000000)
  object space 109568K, 34% used [0x00000000a0000000,0x00000000a24d3788,0x00000000a6b00000)
 Metaspace       used 67551K, capacity 69703K, committed 69800K, reserved 1110016K
  class space    used 9087K, capacity 9569K, committed 9640K, reserved 1048576K
}
Event: 43,422 GC heap before
{Heap before GC invocations=14 (full 3):
 PSYoungGen      total 350208K, used 350185K [0x00000000e0000000, 0x00000000f7a00000, 0x0000000100000000)
  eden space 326656K, 100% used [0x00000000e0000000,0x00000000f3f00000,0x00000000f3f00000)
  from space 23552K, 99% used [0x00000000f5a80000,0x00000000f717a458,0x00000000f7180000)
  to   space 28160K, 0% used [0x00000000f3f00000,0x00000000f3f00000,0x00000000f5a80000)
 ParOldGen       total 109568K, used 37709K [0x00000000a0000000, 0x00000000a6b00000, 0x00000000e0000000)
  object space 109568K, 34% used [0x00000000a0000000,0x00000000a24d3788,0x00000000a6b00000)
 Metaspace       used 71343K, capacity 73819K, committed 73896K, reserved 1114112K
  class space    used 9616K, capacity 10095K, committed 10152K, reserved 1048576K

